<?xml version="1.0" encoding="UTF-8"?>
<!-- Generated by org.testng.reporters.JUnitReportReporter -->
<testsuite hostname="Iradas-Air.lan" failures="0" tests="3" name="api_tests.TestNgDemo" time="6.422" errors="0" timestamp="2023-05-01T18:00:32 PDT" skipped="0">
  <testcase classname="api_tests.TestNgDemo" name="uiTestDemo" time="6.394"/>
  <system-out/>
  <testcase classname="api_tests.TestNgDemo" name="softAsserDemo" time="0.024"/>
  <system-out/>
  <testcase classname="api_tests.TestNgDemo" name="assertionDemo" time="0.004"/>
  <system-out/>
</testsuite> <!-- api_tests.TestNgDemo -->
