<?xml version="1.0" encoding="UTF-8"?>
<!-- Generated by org.testng.reporters.JUnitReportReporter -->
<testsuite hostname="Iradas-Air.lan" failures="0" tests="5" name="api_tests.CraterItems" time="6.444" errors="0" timestamp="2023-05-07T17:14:10 PDT" skipped="0">
  <testcase classname="api_tests.CraterItems" name="deleteItem" time="0.447"/>
  <system-out/>
  <testcase classname="api_tests.CraterItems" name="createItem" time="1.272"/>
  <system-out/>
  <testcase classname="api_tests.CraterItems" name="updateItem" time="0.892"/>
  <system-out/>
  <testcase classname="api_tests.CraterItems" name="login" time="2.965"/>
  <system-out/>
  <testcase classname="api_tests.CraterItems" name="getItem" time="0.868"/>
  <system-out/>
</testsuite> <!-- api_tests.CraterItems -->
