<?xml version="1.0" encoding="UTF-8"?>
<!-- Generated by org.testng.reporters.JUnitReportReporter -->
<testsuite hostname="Iradas-Air.lan" failures="0" tests="1" name="api_tests.PetStoreAPIs" time="3.734" errors="0" timestamp="2023-05-02T18:22:56 PDT" skipped="0">
  <testcase classname="api_tests.PetStoreAPIs" name="findPetsByStatus" time="3.734"/>
  <system-out/>
</testsuite> <!-- api_tests.PetStoreAPIs -->
